[debug] [2025-07-31T18:35:36.227Z] ----------------------------------------------------------------------
[debug] [2025-07-31T18:35:36.233Z] Command:       /usr/local/bin/node /usr/local/bin/firebase deploy --only hosting
[debug] [2025-07-31T18:35:36.234Z] CLI Version:   13.35.1
[debug] [2025-07-31T18:35:36.234Z] Platform:      darwin
[debug] [2025-07-31T18:35:36.234Z] Node Version:  v22.17.1
[debug] [2025-07-31T18:35:36.235Z] Time:          Thu Jul 31 2025 20:35:36 GMT+0200 (Central European Summer Time)
[debug] [2025-07-31T18:35:36.235Z] ----------------------------------------------------------------------
[debug] 
[debug] [2025-07-31T18:35:36.244Z] >>> [apiv2][query] GET https://firebase-public.firebaseio.com/cli.json [none]
[debug] [2025-07-31T18:35:36.881Z] > command requires scopes: ["email","openid","https://www.googleapis.com/auth/cloudplatformprojects.readonly","https://www.googleapis.com/auth/firebase","https://www.googleapis.com/auth/cloud-platform"]
[debug] [2025-07-31T18:35:36.882Z] > authorizing via signed-in user (genepedmur@geneped.com)
[debug] [2025-07-31T18:35:36.882Z] [iam] checking project geneped-app-f4431 for permissions ["firebase.projects.get","firebasehosting.sites.update"]
[debug] [2025-07-31T18:35:36.883Z] Checked if tokens are valid: false, expires at: 1753806976202
[debug] [2025-07-31T18:35:36.883Z] Checked if tokens are valid: false, expires at: 1753806976202
[debug] [2025-07-31T18:35:36.884Z] > refreshing access token with scopes: []
[debug] [2025-07-31T18:35:36.885Z] >>> [apiv2][query] POST https://www.googleapis.com/oauth2/v3/token [none]
[debug] [2025-07-31T18:35:36.885Z] >>> [apiv2][body] POST https://www.googleapis.com/oauth2/v3/token [omitted]
[debug] [2025-07-31T18:35:37.110Z] <<< [apiv2][status] POST https://www.googleapis.com/oauth2/v3/token 400
[debug] [2025-07-31T18:35:37.110Z] <<< [apiv2][body] POST https://www.googleapis.com/oauth2/v3/token [omitted]
[error] Authentication Error: Your credentials are no longer valid. Please run firebase login --reauth

For CI servers and headless environments, generate a new token with firebase login:ci
[error] Authentication Error: Your credentials are no longer valid. Please run firebase login --reauth

For CI servers and headless environments, generate a new token with firebase login:ci
[debug] [2025-07-31T18:35:37.111Z] [iam] error while checking permissions, command may fail: Authentication Error: Your credentials are no longer valid. Please run firebase login --reauth

For CI servers and headless environments, generate a new token with firebase login:ci
[debug] [2025-07-31T18:35:37.113Z] Checked if tokens are valid: false, expires at: 1753806976202
[debug] [2025-07-31T18:35:37.113Z] Checked if tokens are valid: false, expires at: 1753806976202
[debug] [2025-07-31T18:35:37.113Z] > refreshing access token with scopes: []
[debug] [2025-07-31T18:35:37.114Z] >>> [apiv2][query] POST https://www.googleapis.com/oauth2/v3/token [none]
[debug] [2025-07-31T18:35:37.114Z] >>> [apiv2][body] POST https://www.googleapis.com/oauth2/v3/token [omitted]
[debug] [2025-07-31T18:35:37.234Z] <<< [apiv2][status] GET https://firebase-public.firebaseio.com/cli.json 200
[debug] [2025-07-31T18:35:37.234Z] <<< [apiv2][body] GET https://firebase-public.firebaseio.com/cli.json {"cloudBuildErrorAfter":1594252800000,"cloudBuildWarnAfter":1590019200000,"defaultNode10After":1594252800000,"minVersion":"3.0.5","node8DeploysDisabledAfter":1613390400000,"node8RuntimeDisabledAfter":1615809600000,"node8WarnAfter":1600128000000}
[debug] [2025-07-31T18:35:37.276Z] <<< [apiv2][status] POST https://www.googleapis.com/oauth2/v3/token 400
[debug] [2025-07-31T18:35:37.277Z] <<< [apiv2][body] POST https://www.googleapis.com/oauth2/v3/token [omitted]
[error] Authentication Error: Your credentials are no longer valid. Please run firebase login --reauth

For CI servers and headless environments, generate a new token with firebase login:ci
[error] Authentication Error: Your credentials are no longer valid. Please run firebase login --reauth

For CI servers and headless environments, generate a new token with firebase login:ci
[debug] [2025-07-31T18:35:37.277Z] Authentication Error: Your credentials are no longer valid. Please run firebase login --reauth

For CI servers and headless environments, generate a new token with firebase login:ci
[error] 
[error] Error: Assertion failed: resolving hosting target of a site with no site name or target name. This should have caused an error earlier
